<?xml version="1.0" encoding="UTF-8"?>
<!-- Generated by org.testng.reporters.JUnitReportReporter -->
<testsuite hostname="LAPTOP-UOMBSK87" failures="0" tests="2" name="cucumberOptions.TestNGRunner" time="0.145" errors="0" timestamp="2023-08-06T17:19:15 IST" skipped="0">
  <testcase classname="cucumberOptions.TestNGRunner" name="runScenario" time="0.007"/>
  <testcase classname="cucumberOptions.TestNGRunner" name="runScenario" time="0.138"/>
</testsuite> <!-- cucumberOptions.TestNGRunner -->
